<?xml version="1.0" encoding="UTF-8"?>
<!-- Generated by org.testng.reporters.JUnitReportReporter -->
<testsuite hostname="DESKTOP-CG58CGI" failures="0" tests="1" name="org.thanuj.Ecommerce_TC_4" time="46.091" errors="0" timestamp="2024-06-03T19:06:30 IST" skipped="0">
  <testcase classname="org.thanuj.Ecommerce_TC_4" name="FillForm" time="46.091"/>
</testsuite> <!-- org.thanuj.Ecommerce_TC_4 -->
